tcmalloc: large alloc 1228800000 bytes == 0x1fc10000 @  0x7f671c9591e7 0x7f671a2a2ca1 0x7f671a30c9c5 0x7f671a30d55e 0x7f671a3a6a6e 0x50a4a5 0x50cc96 0x507be4 0x509900 0x50a2fd 0x50cc96 0x507be4 0x509900 0x50a2fd 0x50beb4 0x507be4 0x516069 0x566fae 0x510e51 0x507be4 0x509900 0x50a2fd 0x50beb4 0x5095c8 0x50a2fd 0x50beb4 0x5095c8 0x50a2fd 0x50beb4 0x5095c8 0x50a2fd
tcmalloc: large alloc 1914986496 bytes == 0x207e4000 @  0x7f54b3da61e7 0x7f54b16efca1 0x7f54b17599c5 0x7f54b175a55e 0x7f54b17f3a6e 0x50a4a5 0x50cc96 0x507be4 0x509900 0x50a2fd 0x50cc96 0x507be4 0x509900 0x50a2fd 0x50beb4 0x507be4 0x516069 0x566fae 0x510e51 0x507be4 0x509900 0x50a2fd 0x50beb4 0x5095c8 0x50a2fd 0x50beb4 0x5095c8 0x50a2fd 0x50beb4 0x5095c8 0x50a2fd
tcmalloc: large alloc 2286338048 bytes == 0x20e1c000 @  0x7fcea9e5b1e7 0x7fcea77a4ca1 0x7fcea780e9c5 0x7fcea780f55e 0x7fcea78a8a6e 0x50a4a5 0x50cc96 0x507be4 0x509900 0x50a2fd 0x50cc96 0x507be4 0x509900 0x50a2fd 0x50beb4 0x507be4 0x516069 0x566fae 0x510e51 0x507be4 0x509900 0x50a2fd 0x50beb4 0x5095c8 0x50a2fd 0x50beb4 0x5095c8 0x50a2fd 0x50beb4 0x5095c8 0x50a2fd
tcmalloc: large alloc 1228800000 bytes == 0x201f0000 @  0x7f2b7dc7b1e7 0x7f2b7b5c4ca1 0x7f2b7b62e9c5 0x7f2b7b62f55e 0x7f2b7b6c8a6e 0x50a4a5 0x50cc96 0x507be4 0x509900 0x50a2fd 0x50cc96 0x507be4 0x509900 0x50a2fd 0x50beb4 0x507be4 0x516069 0x566fae 0x510e51 0x507be4 0x509900 0x50a2fd 0x50beb4 0x5095c8 0x50a2fd 0x50beb4 0x5095c8 0x50a2fd 0x50beb4 0x5095c8 0x50a2fd
tcmalloc: large alloc 1914986496 bytes == 0x1fde8000 @  0x7ff1110081e7 0x7ff10e951ca1 0x7ff10e9bb9c5 0x7ff10e9bc55e 0x7ff10ea55a6e 0x50a4a5 0x50cc96 0x507be4 0x509900 0x50a2fd 0x50cc96 0x507be4 0x509900 0x50a2fd 0x50beb4 0x507be4 0x516069 0x566fae 0x510e51 0x507be4 0x509900 0x50a2fd 0x50beb4 0x5095c8 0x50a2fd 0x50beb4 0x5095c8 0x50a2fd 0x50beb4 0x5095c8 0x50a2fd
tcmalloc: large alloc 2286338048 bytes == 0x207b4000 @  0x7f1f7f0cf1e7 0x7f1f7ca18ca1 0x7f1f7ca829c5 0x7f1f7ca8355e 0x7f1f7cb1ca6e 0x50a4a5 0x50cc96 0x507be4 0x509900 0x50a2fd 0x50cc96 0x507be4 0x509900 0x50a2fd 0x50beb4 0x507be4 0x516069 0x566fae 0x510e51 0x507be4 0x509900 0x50a2fd 0x50beb4 0x5095c8 0x50a2fd 0x50beb4 0x5095c8 0x50a2fd 0x50beb4 0x5095c8 0x50a2fd
tcmalloc: large alloc 1228800000 bytes == 0x20772000 @  0x7fba6e5ed1e7 0x7fba6bf36ca1 0x7fba6bfa09c5 0x7fba6bfa155e 0x7fba6c03aa6e 0x50a4a5 0x50cc96 0x507be4 0x509900 0x50a2fd 0x50cc96 0x507be4 0x509900 0x50a2fd 0x50beb4 0x507be4 0x516069 0x566fae 0x510e51 0x507be4 0x509900 0x50a2fd 0x50beb4 0x5095c8 0x50a2fd 0x50beb4 0x5095c8 0x50a2fd 0x50beb4 0x5095c8 0x50a2fd
tcmalloc: large alloc 1914986496 bytes == 0x1f73a000 @  0x7fb0667e91e7 0x7fb064132ca1 0x7fb06419c9c5 0x7fb06419d55e 0x7fb064236a6e 0x50a4a5 0x50cc96 0x507be4 0x509900 0x50a2fd 0x50cc96 0x507be4 0x509900 0x50a2fd 0x50beb4 0x507be4 0x516069 0x566fae 0x510e51 0x507be4 0x509900 0x50a2fd 0x50beb4 0x5095c8 0x50a2fd 0x50beb4 0x5095c8 0x50a2fd 0x50beb4 0x5095c8 0x50a2fd
tcmalloc: large alloc 2286338048 bytes == 0x1f336000 @  0x7f92104341e7 0x7f920dd7dca1 0x7f920dde79c5 0x7f920dde855e 0x7f920de81a6e 0x50a4a5 0x50cc96 0x507be4 0x509900 0x50a2fd 0x50cc96 0x507be4 0x509900 0x50a2fd 0x50beb4 0x507be4 0x516069 0x566fae 0x510e51 0x507be4 0x509900 0x50a2fd 0x50beb4 0x5095c8 0x50a2fd 0x50beb4 0x5095c8 0x50a2fd 0x50beb4 0x5095c8 0x50a2fd
tcmalloc: large alloc 1228800000 bytes == 0x2082a000 @  0x7f01f322a1e7 0x7f01f0b73ca1 0x7f01f0bdd9c5 0x7f01f0bde55e 0x7f01f0c77a6e 0x50a4a5 0x50cc96 0x507be4 0x509900 0x50a2fd 0x50cc96 0x507be4 0x509900 0x50a2fd 0x50beb4 0x507be4 0x516069 0x566fae 0x510e51 0x507be4 0x509900 0x50a2fd 0x50beb4 0x5095c8 0x50a2fd 0x50beb4 0x5095c8 0x50a2fd 0x50beb4 0x5095c8 0x50a2fd
tcmalloc: large alloc 1914986496 bytes == 0x20bec000 @  0x7f9b5358d1e7 0x7f9b50ed6ca1 0x7f9b50f409c5 0x7f9b50f4155e 0x7f9b50fdaa6e 0x50a4a5 0x50cc96 0x507be4 0x509900 0x50a2fd 0x50cc96 0x507be4 0x509900 0x50a2fd 0x50beb4 0x507be4 0x516069 0x566fae 0x510e51 0x507be4 0x509900 0x50a2fd 0x50beb4 0x5095c8 0x50a2fd 0x50beb4 0x5095c8 0x50a2fd 0x50beb4 0x5095c8 0x50a2fd
tcmalloc: large alloc 2286338048 bytes == 0x2104e000 @  0x7f8b3135a1e7 0x7f8b2eca3ca1 0x7f8b2ed0d9c5 0x7f8b2ed0e55e 0x7f8b2eda7a6e 0x50a4a5 0x50cc96 0x507be4 0x509900 0x50a2fd 0x50cc96 0x507be4 0x509900 0x50a2fd 0x50beb4 0x507be4 0x516069 0x566fae 0x510e51 0x507be4 0x509900 0x50a2fd 0x50beb4 0x5095c8 0x50a2fd 0x50beb4 0x5095c8 0x50a2fd 0x50beb4 0x5095c8 0x50a2fd
tcmalloc: large alloc 1228800000 bytes == 0x1f5b0000 @  0x7f2fe585d1e7 0x7f2fe31a6ca1 0x7f2fe32109c5 0x7f2fe321155e 0x7f2fe32aaa6e 0x50a4a5 0x50cc96 0x507be4 0x509900 0x50a2fd 0x50cc96 0x507be4 0x509900 0x50a2fd 0x50beb4 0x507be4 0x516069 0x566fae 0x510e51 0x507be4 0x509900 0x50a2fd 0x50beb4 0x5095c8 0x50a2fd 0x50beb4 0x5095c8 0x50a2fd 0x50beb4 0x5095c8 0x50a2fd
tcmalloc: large alloc 1914986496 bytes == 0x1f4e0000 @  0x7f391c7141e7 0x7f391a05dca1 0x7f391a0c79c5 0x7f391a0c855e 0x7f391a161a6e 0x50a4a5 0x50cc96 0x507be4 0x509900 0x50a2fd 0x50cc96 0x507be4 0x509900 0x50a2fd 0x50beb4 0x507be4 0x516069 0x566fae 0x510e51 0x507be4 0x509900 0x50a2fd 0x50beb4 0x5095c8 0x50a2fd 0x50beb4 0x5095c8 0x50a2fd 0x50beb4 0x5095c8 0x50a2fd
tcmalloc: large alloc 2286338048 bytes == 0x1fe36000 @  0x7f70f57761e7 0x7f70f30bfca1 0x7f70f31299c5 0x7f70f312a55e 0x7f70f31c3a6e 0x50a4a5 0x50cc96 0x507be4 0x509900 0x50a2fd 0x50cc96 0x507be4 0x509900 0x50a2fd 0x50beb4 0x507be4 0x516069 0x566fae 0x510e51 0x507be4 0x509900 0x50a2fd 0x50beb4 0x5095c8 0x50a2fd 0x50beb4 0x5095c8 0x50a2fd 0x50beb4 0x5095c8 0x50a2fd
tcmalloc: large alloc 1228800000 bytes == 0x180b6000 @  0x7f898d43b1e7 0x7f898ad84ca1 0x7f898adee9c5 0x7f898adef55e 0x7f898ae88a6e 0x50a4a5 0x50cc96 0x507be4 0x509900 0x50a2fd 0x50cc96 0x507be4 0x509900 0x50a2fd 0x50beb4 0x507be4 0x516069 0x566fae 0x510e51 0x507be4 0x509900 0x50a2fd 0x50beb4 0x5095c8 0x50a2fd 0x50beb4 0x5095c8 0x50a2fd 0x50beb4 0x5095c8 0x50a2fd
tcmalloc: large alloc 1914986496 bytes == 0x18098000 @  0x7f1a735dc1e7 0x7f1a70f25ca1 0x7f1a70f8f9c5 0x7f1a70f9055e 0x7f1a71029a6e 0x50a4a5 0x50cc96 0x507be4 0x509900 0x50a2fd 0x50cc96 0x507be4 0x509900 0x50a2fd 0x50beb4 0x507be4 0x516069 0x566fae 0x510e51 0x507be4 0x509900 0x50a2fd 0x50beb4 0x5095c8 0x50a2fd 0x50beb4 0x5095c8 0x50a2fd 0x50beb4 0x5095c8 0x50a2fd
tcmalloc: large alloc 2286338048 bytes == 0x1928a000 @  0x7fbc41aac1e7 0x7fbc3f3f5ca1 0x7fbc3f45f9c5 0x7fbc3f46055e 0x7fbc3f4f9a6e 0x50a4a5 0x50cc96 0x507be4 0x509900 0x50a2fd 0x50cc96 0x507be4 0x509900 0x50a2fd 0x50beb4 0x507be4 0x516069 0x566fae 0x510e51 0x507be4 0x509900 0x50a2fd 0x50beb4 0x5095c8 0x50a2fd 0x50beb4 0x5095c8 0x50a2fd 0x50beb4 0x5095c8 0x50a2fd
tcmalloc: large alloc 1228800000 bytes == 0x185a4000 @  0x7f89cbaec1e7 0x7f89c9435ca1 0x7f89c949f9c5 0x7f89c94a055e 0x7f89c9539a6e 0x50a4a5 0x50cc96 0x507be4 0x509900 0x50a2fd 0x50cc96 0x507be4 0x509900 0x50a2fd 0x50beb4 0x507be4 0x516069 0x566fae 0x510e51 0x507be4 0x509900 0x50a2fd 0x50beb4 0x5095c8 0x50a2fd 0x50beb4 0x5095c8 0x50a2fd 0x50beb4 0x5095c8 0x50a2fd
tcmalloc: large alloc 1914986496 bytes == 0x1879e000 @  0x7f542f5f41e7 0x7f542cf3dca1 0x7f542cfa79c5 0x7f542cfa855e 0x7f542d041a6e 0x50a4a5 0x50cc96 0x507be4 0x509900 0x50a2fd 0x50cc96 0x507be4 0x509900 0x50a2fd 0x50beb4 0x507be4 0x516069 0x566fae 0x510e51 0x507be4 0x509900 0x50a2fd 0x50beb4 0x5095c8 0x50a2fd 0x50beb4 0x5095c8 0x50a2fd 0x50beb4 0x5095c8 0x50a2fd
tcmalloc: large alloc 2286338048 bytes == 0x18180000 @  0x7fbec5b401e7 0x7fbec3489ca1 0x7fbec34f39c5 0x7fbec34f455e 0x7fbec358da6e 0x50a4a5 0x50cc96 0x507be4 0x509900 0x50a2fd 0x50cc96 0x507be4 0x509900 0x50a2fd 0x50beb4 0x507be4 0x516069 0x566fae 0x510e51 0x507be4 0x509900 0x50a2fd 0x50beb4 0x5095c8 0x50a2fd 0x50beb4 0x5095c8 0x50a2fd 0x50beb4 0x5095c8 0x50a2fd
tcmalloc: large alloc 1228800000 bytes == 0x1762c000 @  0x7fb1cf8831e7 0x7fb1cd1ccca1 0x7fb1cd2369c5 0x7fb1cd23755e 0x7fb1cd2d0a6e 0x50a4a5 0x50cc96 0x507be4 0x509900 0x50a2fd 0x50cc96 0x507be4 0x509900 0x50a2fd 0x50beb4 0x507be4 0x516069 0x566fae 0x510e51 0x507be4 0x509900 0x50a2fd 0x50beb4 0x5095c8 0x50a2fd 0x50beb4 0x5095c8 0x50a2fd 0x50beb4 0x5095c8 0x50a2fd
tcmalloc: large alloc 1914986496 bytes == 0x180c4000 @  0x7f05eb47e1e7 0x7f05e8dc7ca1 0x7f05e8e319c5 0x7f05e8e3255e 0x7f05e8ecba6e 0x50a4a5 0x50cc96 0x507be4 0x509900 0x50a2fd 0x50cc96 0x507be4 0x509900 0x50a2fd 0x50beb4 0x507be4 0x516069 0x566fae 0x510e51 0x507be4 0x509900 0x50a2fd 0x50beb4 0x5095c8 0x50a2fd 0x50beb4 0x5095c8 0x50a2fd 0x50beb4 0x5095c8 0x50a2fd
tcmalloc: large alloc 2286338048 bytes == 0x17484000 @  0x7fd27b4cc1e7 0x7fd278e15ca1 0x7fd278e7f9c5 0x7fd278e8055e 0x7fd278f19a6e 0x50a4a5 0x50cc96 0x507be4 0x509900 0x50a2fd 0x50cc96 0x507be4 0x509900 0x50a2fd 0x50beb4 0x507be4 0x516069 0x566fae 0x510e51 0x507be4 0x509900 0x50a2fd 0x50beb4 0x5095c8 0x50a2fd 0x50beb4 0x5095c8 0x50a2fd 0x50beb4 0x5095c8 0x50a2fd
tcmalloc: large alloc 1228800000 bytes == 0x172cc000 @  0x7fc1dd8801e7 0x7fc1db1c9ca1 0x7fc1db2339c5 0x7fc1db23455e 0x7fc1db2cda6e 0x50a4a5 0x50cc96 0x507be4 0x509900 0x50a2fd 0x50cc96 0x507be4 0x509900 0x50a2fd 0x50beb4 0x507be4 0x516069 0x566fae 0x510e51 0x507be4 0x509900 0x50a2fd 0x50beb4 0x5095c8 0x50a2fd 0x50beb4 0x5095c8 0x50a2fd 0x50beb4 0x5095c8 0x50a2fd
tcmalloc: large alloc 1914986496 bytes == 0x182aa000 @  0x7ff95daf21e7 0x7ff95b43bca1 0x7ff95b4a59c5 0x7ff95b4a655e 0x7ff95b53fa6e 0x50a4a5 0x50cc96 0x507be4 0x509900 0x50a2fd 0x50cc96 0x507be4 0x509900 0x50a2fd 0x50beb4 0x507be4 0x516069 0x566fae 0x510e51 0x507be4 0x509900 0x50a2fd 0x50beb4 0x5095c8 0x50a2fd 0x50beb4 0x5095c8 0x50a2fd 0x50beb4 0x5095c8 0x50a2fd
tcmalloc: large alloc 2286338048 bytes == 0x17a6a000 @  0x7f8b9b7c71e7 0x7f8b99110ca1 0x7f8b9917a9c5 0x7f8b9917b55e 0x7f8b99214a6e 0x50a4a5 0x50cc96 0x507be4 0x509900 0x50a2fd 0x50cc96 0x507be4 0x509900 0x50a2fd 0x50beb4 0x507be4 0x516069 0x566fae 0x510e51 0x507be4 0x509900 0x50a2fd 0x50beb4 0x5095c8 0x50a2fd 0x50beb4 0x5095c8 0x50a2fd 0x50beb4 0x5095c8 0x50a2fd
tcmalloc: large alloc 1228800000 bytes == 0x17ee0000 @  0x7fcb4a9c31e7 0x7fcb4830cca1 0x7fcb483769c5 0x7fcb4837755e 0x7fcb48410a6e 0x50a4a5 0x50cc96 0x507be4 0x509900 0x50a2fd 0x50cc96 0x507be4 0x509900 0x50a2fd 0x50beb4 0x507be4 0x516069 0x566fae 0x510e51 0x507be4 0x509900 0x50a2fd 0x50beb4 0x5095c8 0x50a2fd 0x50beb4 0x5095c8 0x50a2fd 0x50beb4 0x5095c8 0x50a2fd
tcmalloc: large alloc 1914986496 bytes == 0x18508000 @  0x7fd85750d1e7 0x7fd854e56ca1 0x7fd854ec09c5 0x7fd854ec155e 0x7fd854f5aa6e 0x50a4a5 0x50cc96 0x507be4 0x509900 0x50a2fd 0x50cc96 0x507be4 0x509900 0x50a2fd 0x50beb4 0x507be4 0x516069 0x566fae 0x510e51 0x507be4 0x509900 0x50a2fd 0x50beb4 0x5095c8 0x50a2fd 0x50beb4 0x5095c8 0x50a2fd 0x50beb4 0x5095c8 0x50a2fd
tcmalloc: large alloc 2286338048 bytes == 0x1846c000 @  0x7f42ab6a91e7 0x7f42a8ff2ca1 0x7f42a905c9c5 0x7f42a905d55e 0x7f42a90f6a6e 0x50a4a5 0x50cc96 0x507be4 0x509900 0x50a2fd 0x50cc96 0x507be4 0x509900 0x50a2fd 0x50beb4 0x507be4 0x516069 0x566fae 0x510e51 0x507be4 0x509900 0x50a2fd 0x50beb4 0x5095c8 0x50a2fd 0x50beb4 0x5095c8 0x50a2fd 0x50beb4 0x5095c8 0x50a2fd
tcmalloc: large alloc 1228800000 bytes == 0x1794a000 @  0x7f494c6421e7 0x7f4949f8bca1 0x7f4949ff59c5 0x7f4949ff655e 0x7f494a08fa6e 0x50a4a5 0x50cc96 0x507be4 0x509900 0x50a2fd 0x50cc96 0x507be4 0x509900 0x50a2fd 0x50beb4 0x507be4 0x516069 0x566fae 0x510e51 0x507be4 0x509900 0x50a2fd 0x50beb4 0x5095c8 0x50a2fd 0x50beb4 0x5095c8 0x50a2fd 0x50beb4 0x5095c8 0x50a2fd
tcmalloc: large alloc 1914986496 bytes == 0x19196000 @  0x7f3e5efd11e7 0x7f3e5c91aca1 0x7f3e5c9849c5 0x7f3e5c98555e 0x7f3e5ca1ea6e 0x50a4a5 0x50cc96 0x507be4 0x509900 0x50a2fd 0x50cc96 0x507be4 0x509900 0x50a2fd 0x50beb4 0x507be4 0x516069 0x566fae 0x510e51 0x507be4 0x509900 0x50a2fd 0x50beb4 0x5095c8 0x50a2fd 0x50beb4 0x5095c8 0x50a2fd 0x50beb4 0x5095c8 0x50a2fd
tcmalloc: large alloc 2286338048 bytes == 0x1812e000 @  0x7f015310d1e7 0x7f0150a56ca1 0x7f0150ac09c5 0x7f0150ac155e 0x7f0150b5aa6e 0x50a4a5 0x50cc96 0x507be4 0x509900 0x50a2fd 0x50cc96 0x507be4 0x509900 0x50a2fd 0x50beb4 0x507be4 0x516069 0x566fae 0x510e51 0x507be4 0x509900 0x50a2fd 0x50beb4 0x5095c8 0x50a2fd 0x50beb4 0x5095c8 0x50a2fd 0x50beb4 0x5095c8 0x50a2fd
tcmalloc: large alloc 1228800000 bytes == 0x17718000 @  0x7fd064ca61e7 0x7fd0625efca1 0x7fd0626599c5 0x7fd06265a55e 0x7fd0626f3a6e 0x50a4a5 0x50cc96 0x507be4 0x509900 0x50a2fd 0x50cc96 0x507be4 0x509900 0x50a2fd 0x50beb4 0x507be4 0x516069 0x566fae 0x510e51 0x507be4 0x509900 0x50a2fd 0x50beb4 0x5095c8 0x50a2fd 0x50beb4 0x5095c8 0x50a2fd 0x50beb4 0x5095c8 0x50a2fd
tcmalloc: large alloc 2286338048 bytes == 0x17446000 @  0x7f2d7df6d1e7 0x7f2d7b8b6ca1 0x7f2d7b9209c5 0x7f2d7b92155e 0x7f2d7b9baa6e 0x50a4a5 0x50cc96 0x507be4 0x509900 0x50a2fd 0x50cc96 0x507be4 0x509900 0x50a2fd 0x50beb4 0x507be4 0x516069 0x566fae 0x510e51 0x507be4 0x509900 0x50a2fd 0x50beb4 0x5095c8 0x50a2fd 0x50beb4 0x5095c8 0x50a2fd 0x50beb4 0x5095c8 0x50a2fd
Traceback (most recent call last):
  File "weight_virtualization.py", line 1301, in <module>
    main(parse_arguments(sys.argv[1:]))
  File "weight_virtualization.py", line 1172, in main
    wv.train_vnn(vnn, args.iter)
  File "weight_virtualization.py", line 187, in train_vnn
    100, iteration, self.get_weight_from_vnn)
  File "/content/NeuralWeightVirtualization/hhar/pintle.py", line 63, in v_train
    data = __import__(import_name)
  File "/content/NeuralWeightVirtualization/hhar_data.py", line 10, in <module>
    hhar_train_data = np.load(train_data_file)
  File "/usr/local/lib/python3.6/dist-packages/numpy/lib/npyio.py", line 447, in load
    pickle_kwargs=pickle_kwargs)
  File "/usr/local/lib/python3.6/dist-packages/numpy/lib/format.py", line 712, in read_array
    array = numpy.fromfile(fp, dtype=dtype, count=count)
KeyboardInterrupt
